2022-10-06 10:22:38.423  INFO 17576 --- [restartedMain] l.c.m.MoviesBattleApplication            : Starting MoviesBattleApplication using Java 11.0.16 on marcelo-virtus with PID 17576 (/home/marcelo/Documentos/Pós PUC/Backend/movies-battle/bin/main started by marcelo in /home/marcelo/Documentos/Pós PUC/Backend/movies-battle)
2022-10-06 10:22:38.423  INFO 17576 --- [restartedMain] l.c.m.MoviesBattleApplication            : No active profile set, falling back to 1 default profile: "default"
2022-10-06 10:22:38.536  INFO 17576 --- [restartedMain] .s.d.r.c.RepositoryConfigurationDelegate : Bootstrapping Spring Data JPA repositories in DEFAULT mode.
2022-10-06 10:22:38.543  INFO 17576 --- [restartedMain] .s.d.r.c.RepositoryConfigurationDelegate : Finished Spring Data repository scanning in 6 ms. Found 1 JPA repository interfaces.
2022-10-06 10:22:38.595  INFO 17576 --- [restartedMain] o.s.b.w.embedded.tomcat.TomcatWebServer  : Tomcat initialized with port(s): 8080 (http)
2022-10-06 10:22:38.596  INFO 17576 --- [restartedMain] o.apache.catalina.core.StandardService   : Starting service [Tomcat]
2022-10-06 10:22:38.596  INFO 17576 --- [restartedMain] org.apache.catalina.core.StandardEngine  : Starting Servlet engine: [Apache Tomcat/9.0.58]
2022-10-06 10:22:38.601  INFO 17576 --- [restartedMain] o.a.c.c.C.[Tomcat].[localhost].[/]       : Initializing Spring embedded WebApplicationContext
2022-10-06 10:22:38.601  INFO 17576 --- [restartedMain] w.s.c.ServletWebServerApplicationContext : Root WebApplicationContext: initialization completed in 176 ms
2022-10-06 10:22:38.608  INFO 17576 --- [restartedMain] com.zaxxer.hikari.HikariDataSource       : HikariPool-4 - Starting...
2022-10-06 10:22:38.609  INFO 17576 --- [restartedMain] com.zaxxer.hikari.HikariDataSource       : HikariPool-4 - Start completed.
2022-10-06 10:22:38.609  INFO 17576 --- [restartedMain] o.s.b.a.h2.H2ConsoleAutoConfiguration    : H2 console available at '/h2-console'. Database available at 'jdbc:h2:mem:movies-battle'
2022-10-06 10:22:38.623  INFO 17576 --- [restartedMain] o.f.c.internal.database.DatabaseFactory  : Database: jdbc:h2:mem:movies-battle (H2 1.4)
2022-10-06 10:22:38.626  INFO 17576 --- [restartedMain] o.f.core.internal.command.DbValidate     : Successfully validated 3 migrations (execution time 00:00.001s)
2022-10-06 10:22:38.627  INFO 17576 --- [restartedMain] o.f.c.i.s.JdbcTableSchemaHistory         : Creating Schema History table "PUBLIC"."flyway_schema_history" ...
2022-10-06 10:22:38.631  INFO 17576 --- [restartedMain] o.f.core.internal.command.DbMigrate      : Current version of schema "PUBLIC": << Empty Schema >>
2022-10-06 10:22:38.632  INFO 17576 --- [restartedMain] o.f.core.internal.command.DbMigrate      : Migrating schema "PUBLIC" to version 1 - Init
2022-10-06 10:22:38.639  INFO 17576 --- [restartedMain] o.f.core.internal.command.DbMigrate      : Migrating schema "PUBLIC" to version 2 - insert movies
2022-10-06 10:22:38.646  INFO 17576 --- [restartedMain] o.f.core.internal.command.DbMigrate      : Migrating schema "PUBLIC" to version 3 - insert users
2022-10-06 10:22:38.650  INFO 17576 --- [restartedMain] o.f.core.internal.command.DbMigrate      : Successfully applied 3 migrations to schema "PUBLIC" (execution time 00:00.020s)
2022-10-06 10:22:38.658  INFO 17576 --- [restartedMain] o.hibernate.jpa.internal.util.LogHelper  : HHH000204: Processing PersistenceUnitInfo [name: default]
2022-10-06 10:22:38.661  INFO 17576 --- [restartedMain] org.hibernate.dialect.Dialect            : HHH000400: Using dialect: org.hibernate.dialect.H2Dialect
2022-10-06 10:22:38.671  INFO 17576 --- [restartedMain] o.h.e.t.j.p.i.JtaPlatformInitiator       : HHH000490: Using JtaPlatform implementation: [org.hibernate.engine.transaction.jta.platform.internal.NoJtaPlatform]
2022-10-06 10:22:38.672  INFO 17576 --- [restartedMain] j.LocalContainerEntityManagerFactoryBean : Initialized JPA EntityManagerFactory for persistence unit 'default'
2022-10-06 10:22:38.698  WARN 17576 --- [restartedMain] JpaBaseConfiguration$JpaWebConfiguration : spring.jpa.open-in-view is enabled by default. Therefore, database queries may be performed during view rendering. Explicitly configure spring.jpa.open-in-view to disable this warning
2022-10-06 10:22:38.735  INFO 17576 --- [restartedMain] o.s.b.d.a.OptionalLiveReloadServer       : LiveReload server is running on port 35729
2022-10-06 10:22:38.776  INFO 17576 --- [restartedMain] .s.s.UserDetailsServiceAutoConfiguration : 

Using generated security password: ea8d8e91-b7d2-4202-b0bb-aa119beaa89a

2022-10-06 10:22:38.783  INFO 17576 --- [restartedMain] o.s.s.web.DefaultSecurityFilterChain     : Will not secure any request
2022-10-06 10:22:38.797  INFO 17576 --- [restartedMain] o.s.b.w.embedded.tomcat.TomcatWebServer  : Tomcat started on port(s): 8080 (http) with context path ''
2022-10-06 10:22:38.822  INFO 17576 --- [restartedMain] l.c.m.MoviesBattleApplication            : Started MoviesBattleApplication in 0.421 seconds (JVM running for 157.449)
2022-10-06 10:22:38.823  INFO 17576 --- [restartedMain] .ConditionEvaluationDeltaLoggingListener : Condition evaluation unchanged
2022-10-06 10:22:38.824  INFO 17576 --- [restartedMain] l.c.m.MoviesBattleApplication            : aaa
2022-10-06 10:22:44.456  INFO 18475 --- [restartedMain] l.c.m.MoviesBattleApplication            : Starting MoviesBattleApplication using Java 11.0.16 on marcelo-virtus with PID 18475 (/home/marcelo/Documentos/Pós PUC/Backend/movies-battle/bin/main started by marcelo in /home/marcelo/Documentos/Pós PUC/Backend/movies-battle)
2022-10-06 10:22:44.457  INFO 18475 --- [restartedMain] l.c.m.MoviesBattleApplication            : No active profile set, falling back to 1 default profile: "default"
2022-10-06 10:22:44.481  INFO 18475 --- [restartedMain] .e.DevToolsPropertyDefaultsPostProcessor : Devtools property defaults active! Set 'spring.devtools.add-properties' to 'false' to disable
2022-10-06 10:22:44.481  INFO 18475 --- [restartedMain] .e.DevToolsPropertyDefaultsPostProcessor : For additional web related logging consider setting the 'logging.level.web' property to 'DEBUG'
2022-10-06 10:22:44.879  INFO 18475 --- [restartedMain] .s.d.r.c.RepositoryConfigurationDelegate : Bootstrapping Spring Data JPA repositories in DEFAULT mode.
2022-10-06 10:22:44.906  INFO 18475 --- [restartedMain] .s.d.r.c.RepositoryConfigurationDelegate : Finished Spring Data repository scanning in 22 ms. Found 1 JPA repository interfaces.
2022-10-06 10:22:45.278  INFO 18475 --- [restartedMain] o.s.b.w.embedded.tomcat.TomcatWebServer  : Tomcat initialized with port(s): 8080 (http)
2022-10-06 10:22:45.285  INFO 18475 --- [restartedMain] o.apache.catalina.core.StandardService   : Starting service [Tomcat]
2022-10-06 10:22:45.285  INFO 18475 --- [restartedMain] org.apache.catalina.core.StandardEngine  : Starting Servlet engine: [Apache Tomcat/9.0.58]
2022-10-06 10:22:45.320  INFO 18475 --- [restartedMain] o.a.c.c.C.[Tomcat].[localhost].[/]       : Initializing Spring embedded WebApplicationContext
2022-10-06 10:22:45.321  INFO 18475 --- [restartedMain] w.s.c.ServletWebServerApplicationContext : Root WebApplicationContext: initialization completed in 839 ms
2022-10-06 10:22:45.337  INFO 18475 --- [restartedMain] com.zaxxer.hikari.HikariDataSource       : HikariPool-1 - Starting...
2022-10-06 10:22:45.453  INFO 18475 --- [restartedMain] com.zaxxer.hikari.HikariDataSource       : HikariPool-1 - Start completed.
2022-10-06 10:22:45.461  INFO 18475 --- [restartedMain] o.s.b.a.h2.H2ConsoleAutoConfiguration    : H2 console available at '/h2-console'. Database available at 'jdbc:h2:mem:movies-battle'
2022-10-06 10:22:45.517  INFO 18475 --- [restartedMain] o.f.c.internal.license.VersionPrinter    : Flyway Community Edition 6.4.3 by Redgate
2022-10-06 10:22:45.528  INFO 18475 --- [restartedMain] o.f.c.internal.database.DatabaseFactory  : Database: jdbc:h2:mem:movies-battle (H2 1.4)
2022-10-06 10:22:45.568  INFO 18475 --- [restartedMain] o.f.core.internal.command.DbValidate     : Successfully validated 3 migrations (execution time 00:00.011s)
2022-10-06 10:22:45.575  INFO 18475 --- [restartedMain] o.f.c.i.s.JdbcTableSchemaHistory         : Creating Schema History table "PUBLIC"."flyway_schema_history" ...
2022-10-06 10:22:45.602  INFO 18475 --- [restartedMain] o.f.core.internal.command.DbMigrate      : Current version of schema "PUBLIC": << Empty Schema >>
2022-10-06 10:22:45.606  INFO 18475 --- [restartedMain] o.f.core.internal.command.DbMigrate      : Migrating schema "PUBLIC" to version 1 - Init
2022-10-06 10:22:45.628  INFO 18475 --- [restartedMain] o.f.core.internal.command.DbMigrate      : Migrating schema "PUBLIC" to version 2 - insert movies
2022-10-06 10:22:45.650  INFO 18475 --- [restartedMain] o.f.core.internal.command.DbMigrate      : Migrating schema "PUBLIC" to version 3 - insert users
2022-10-06 10:22:45.658  INFO 18475 --- [restartedMain] o.f.core.internal.command.DbMigrate      : Successfully applied 3 migrations to schema "PUBLIC" (execution time 00:00.060s)
2022-10-06 10:22:45.720  INFO 18475 --- [restartedMain] o.hibernate.jpa.internal.util.LogHelper  : HHH000204: Processing PersistenceUnitInfo [name: default]
2022-10-06 10:22:45.745  INFO 18475 --- [restartedMain] org.hibernate.Version                    : HHH000412: Hibernate ORM core version 5.6.5.Final
2022-10-06 10:22:45.829  INFO 18475 --- [restartedMain] o.hibernate.annotations.common.Version   : HCANN000001: Hibernate Commons Annotations {5.1.2.Final}
2022-10-06 10:22:45.882  INFO 18475 --- [restartedMain] org.hibernate.dialect.Dialect            : HHH000400: Using dialect: org.hibernate.dialect.H2Dialect
2022-10-06 10:22:46.162  INFO 18475 --- [restartedMain] o.h.e.t.j.p.i.JtaPlatformInitiator       : HHH000490: Using JtaPlatform implementation: [org.hibernate.engine.transaction.jta.platform.internal.NoJtaPlatform]
2022-10-06 10:22:46.167  INFO 18475 --- [restartedMain] j.LocalContainerEntityManagerFactoryBean : Initialized JPA EntityManagerFactory for persistence unit 'default'
2022-10-06 10:22:46.277  WARN 18475 --- [restartedMain] JpaBaseConfiguration$JpaWebConfiguration : spring.jpa.open-in-view is enabled by default. Therefore, database queries may be performed during view rendering. Explicitly configure spring.jpa.open-in-view to disable this warning
2022-10-06 10:22:46.417  INFO 18475 --- [restartedMain] o.s.b.d.a.OptionalLiveReloadServer       : LiveReload server is running on port 35729
2022-10-06 10:22:46.644  INFO 18475 --- [restartedMain] .s.s.UserDetailsServiceAutoConfiguration : 

Using generated security password: 7631757b-eb34-42f8-b8ee-70ee6691223b

2022-10-06 10:22:46.708  INFO 18475 --- [restartedMain] o.s.s.web.DefaultSecurityFilterChain     : Will not secure any request
2022-10-06 10:22:46.756  INFO 18475 --- [restartedMain] o.s.b.w.embedded.tomcat.TomcatWebServer  : Tomcat started on port(s): 8080 (http) with context path ''
2022-10-06 10:22:46.850  INFO 18475 --- [restartedMain] l.c.m.MoviesBattleApplication            : Started MoviesBattleApplication in 2.604 seconds (JVM running for 3.035)
2022-10-06 10:22:46.854  INFO 18475 --- [restartedMain] l.c.m.MoviesBattleApplication            : aaa
2022-10-06 10:23:19.187  INFO 18475 --- [Thread-5] j.LocalContainerEntityManagerFactoryBean : Closing JPA EntityManagerFactory for persistence unit 'default'
2022-10-06 10:23:19.391  WARN 18475 --- [Thread-5] o.s.b.f.support.DisposableBeanAdapter    : Invocation of destroy method failed on bean with name 'inMemoryDatabaseShutdownExecutor': org.h2.jdbc.JdbcSQLNonTransientConnectionException: Database is already closed (to disable automatic closing at VM shutdown, add ";DB_CLOSE_ON_EXIT=FALSE" to the db URL) [90121-200]
2022-10-06 10:23:19.392  INFO 18475 --- [Thread-5] com.zaxxer.hikari.HikariDataSource       : HikariPool-1 - Shutdown initiated...
2022-10-06 10:23:19.394  INFO 18475 --- [Thread-5] com.zaxxer.hikari.HikariDataSource       : HikariPool-1 - Shutdown completed.
2022-10-06 10:23:19.470  INFO 18475 --- [restartedMain] l.c.m.MoviesBattleApplication            : Starting MoviesBattleApplication using Java 11.0.16 on marcelo-virtus with PID 18475 (/home/marcelo/Documentos/Pós PUC/Backend/movies-battle/bin/main started by marcelo in /home/marcelo/Documentos/Pós PUC/Backend/movies-battle)
2022-10-06 10:23:19.471  INFO 18475 --- [restartedMain] l.c.m.MoviesBattleApplication            : No active profile set, falling back to 1 default profile: "default"
2022-10-06 10:23:19.699  INFO 18475 --- [restartedMain] .s.d.r.c.RepositoryConfigurationDelegate : Bootstrapping Spring Data JPA repositories in DEFAULT mode.
2022-10-06 10:23:19.710  INFO 18475 --- [restartedMain] .s.d.r.c.RepositoryConfigurationDelegate : Finished Spring Data repository scanning in 10 ms. Found 1 JPA repository interfaces.
2022-10-06 10:23:19.832  INFO 18475 --- [restartedMain] o.s.b.w.embedded.tomcat.TomcatWebServer  : Tomcat initialized with port(s): 8080 (http)
2022-10-06 10:23:19.833  INFO 18475 --- [restartedMain] o.apache.catalina.core.StandardService   : Starting service [Tomcat]
2022-10-06 10:23:19.834  INFO 18475 --- [restartedMain] org.apache.catalina.core.StandardEngine  : Starting Servlet engine: [Apache Tomcat/9.0.58]
2022-10-06 10:23:19.847  INFO 18475 --- [restartedMain] o.a.c.c.C.[Tomcat].[localhost].[/]       : Initializing Spring embedded WebApplicationContext
2022-10-06 10:23:19.847  INFO 18475 --- [restartedMain] w.s.c.ServletWebServerApplicationContext : Root WebApplicationContext: initialization completed in 375 ms
2022-10-06 10:23:19.867  INFO 18475 --- [restartedMain] com.zaxxer.hikari.HikariDataSource       : HikariPool-2 - Starting...
2022-10-06 10:23:19.869  INFO 18475 --- [restartedMain] com.zaxxer.hikari.HikariDataSource       : HikariPool-2 - Start completed.
2022-10-06 10:23:19.869  INFO 18475 --- [restartedMain] o.s.b.a.h2.H2ConsoleAutoConfiguration    : H2 console available at '/h2-console'. Database available at 'jdbc:h2:mem:movies-battle'
2022-10-06 10:23:19.892  INFO 18475 --- [restartedMain] o.f.c.internal.database.DatabaseFactory  : Database: jdbc:h2:mem:movies-battle (H2 1.4)
2022-10-06 10:23:19.895  INFO 18475 --- [restartedMain] o.f.core.internal.command.DbValidate     : Successfully validated 3 migrations (execution time 00:00.001s)
2022-10-06 10:23:19.899  INFO 18475 --- [restartedMain] o.f.c.i.s.JdbcTableSchemaHistory         : Creating Schema History table "PUBLIC"."flyway_schema_history" ...
2022-10-06 10:23:19.906  INFO 18475 --- [restartedMain] o.f.core.internal.command.DbMigrate      : Current version of schema "PUBLIC": << Empty Schema >>
2022-10-06 10:23:19.908  INFO 18475 --- [restartedMain] o.f.core.internal.command.DbMigrate      : Migrating schema "PUBLIC" to version 1 - Init
2022-10-06 10:23:19.924  INFO 18475 --- [restartedMain] o.f.core.internal.command.DbMigrate      : Migrating schema "PUBLIC" to version 2 - insert movies
2022-10-06 10:23:19.938  INFO 18475 --- [restartedMain] o.f.core.internal.command.DbMigrate      : Migrating schema "PUBLIC" to version 3 - insert users
2022-10-06 10:23:19.945  INFO 18475 --- [restartedMain] o.f.core.internal.command.DbMigrate      : Successfully applied 3 migrations to schema "PUBLIC" (execution time 00:00.041s)
2022-10-06 10:23:19.961  INFO 18475 --- [restartedMain] o.hibernate.jpa.internal.util.LogHelper  : HHH000204: Processing PersistenceUnitInfo [name: default]
2022-10-06 10:23:19.967  INFO 18475 --- [restartedMain] org.hibernate.dialect.Dialect            : HHH000400: Using dialect: org.hibernate.dialect.H2Dialect
2022-10-06 10:23:19.984  INFO 18475 --- [restartedMain] o.h.e.t.j.p.i.JtaPlatformInitiator       : HHH000490: Using JtaPlatform implementation: [org.hibernate.engine.transaction.jta.platform.internal.NoJtaPlatform]
2022-10-06 10:23:19.985  INFO 18475 --- [restartedMain] j.LocalContainerEntityManagerFactoryBean : Initialized JPA EntityManagerFactory for persistence unit 'default'
2022-10-06 10:23:20.047  WARN 18475 --- [restartedMain] JpaBaseConfiguration$JpaWebConfiguration : spring.jpa.open-in-view is enabled by default. Therefore, database queries may be performed during view rendering. Explicitly configure spring.jpa.open-in-view to disable this warning
2022-10-06 10:23:20.145  INFO 18475 --- [restartedMain] o.s.b.d.a.OptionalLiveReloadServer       : LiveReload server is running on port 35729
2022-10-06 10:23:20.242  INFO 18475 --- [restartedMain] .s.s.UserDetailsServiceAutoConfiguration : 

Using generated security password: 54d51855-4d65-4c4e-badb-03340c169839

2022-10-06 10:23:20.257  INFO 18475 --- [restartedMain] o.s.s.web.DefaultSecurityFilterChain     : Will not secure any request
2022-10-06 10:23:20.285  INFO 18475 --- [restartedMain] o.s.b.w.embedded.tomcat.TomcatWebServer  : Tomcat started on port(s): 8080 (http) with context path ''
2022-10-06 10:23:20.351  INFO 18475 --- [restartedMain] l.c.m.MoviesBattleApplication            : Started MoviesBattleApplication in 0.91 seconds (JVM running for 36.536)
2022-10-06 10:23:20.354  INFO 18475 --- [restartedMain] .ConditionEvaluationDeltaLoggingListener : Condition evaluation unchanged
2022-10-06 10:23:20.355  INFO 18475 --- [restartedMain] l.c.m.MoviesBattleApplication            : aaa
2022-10-06 10:23:27.314  INFO 18713 --- [restartedMain] l.c.m.MoviesBattleApplication            : Starting MoviesBattleApplication using Java 11.0.16 on marcelo-virtus with PID 18713 (/home/marcelo/Documentos/Pós PUC/Backend/movies-battle/bin/main started by marcelo in /home/marcelo/Documentos/Pós PUC/Backend/movies-battle)
2022-10-06 10:23:27.315  INFO 18713 --- [restartedMain] l.c.m.MoviesBattleApplication            : No active profile set, falling back to 1 default profile: "default"
2022-10-06 10:23:27.336  INFO 18713 --- [restartedMain] .e.DevToolsPropertyDefaultsPostProcessor : Devtools property defaults active! Set 'spring.devtools.add-properties' to 'false' to disable
2022-10-06 10:23:27.337  INFO 18713 --- [restartedMain] .e.DevToolsPropertyDefaultsPostProcessor : For additional web related logging consider setting the 'logging.level.web' property to 'DEBUG'
2022-10-06 10:23:27.680  INFO 18713 --- [restartedMain] .s.d.r.c.RepositoryConfigurationDelegate : Bootstrapping Spring Data JPA repositories in DEFAULT mode.
2022-10-06 10:23:27.704  INFO 18713 --- [restartedMain] .s.d.r.c.RepositoryConfigurationDelegate : Finished Spring Data repository scanning in 20 ms. Found 1 JPA repository interfaces.
2022-10-06 10:23:28.060  INFO 18713 --- [restartedMain] o.s.b.w.embedded.tomcat.TomcatWebServer  : Tomcat initialized with port(s): 8080 (http)
2022-10-06 10:23:28.066  INFO 18713 --- [restartedMain] o.apache.catalina.core.StandardService   : Starting service [Tomcat]
2022-10-06 10:23:28.066  INFO 18713 --- [restartedMain] org.apache.catalina.core.StandardEngine  : Starting Servlet engine: [Apache Tomcat/9.0.58]
2022-10-06 10:23:28.104  INFO 18713 --- [restartedMain] o.a.c.c.C.[Tomcat].[localhost].[/]       : Initializing Spring embedded WebApplicationContext
2022-10-06 10:23:28.105  INFO 18713 --- [restartedMain] w.s.c.ServletWebServerApplicationContext : Root WebApplicationContext: initialization completed in 768 ms
2022-10-06 10:23:28.122  INFO 18713 --- [restartedMain] com.zaxxer.hikari.HikariDataSource       : HikariPool-1 - Starting...
2022-10-06 10:23:28.231  INFO 18713 --- [restartedMain] com.zaxxer.hikari.HikariDataSource       : HikariPool-1 - Start completed.
2022-10-06 10:23:28.240  INFO 18713 --- [restartedMain] o.s.b.a.h2.H2ConsoleAutoConfiguration    : H2 console available at '/h2-console'. Database available at 'jdbc:h2:mem:movies-battle'
2022-10-06 10:23:28.304  INFO 18713 --- [restartedMain] o.f.c.internal.license.VersionPrinter    : Flyway Community Edition 6.4.3 by Redgate
2022-10-06 10:23:28.314  INFO 18713 --- [restartedMain] o.f.c.internal.database.DatabaseFactory  : Database: jdbc:h2:mem:movies-battle (H2 1.4)
2022-10-06 10:23:28.355  INFO 18713 --- [restartedMain] o.f.core.internal.command.DbValidate     : Successfully validated 3 migrations (execution time 00:00.013s)
2022-10-06 10:23:28.363  INFO 18713 --- [restartedMain] o.f.c.i.s.JdbcTableSchemaHistory         : Creating Schema History table "PUBLIC"."flyway_schema_history" ...
2022-10-06 10:23:28.387  INFO 18713 --- [restartedMain] o.f.core.internal.command.DbMigrate      : Current version of schema "PUBLIC": << Empty Schema >>
2022-10-06 10:23:28.390  INFO 18713 --- [restartedMain] o.f.core.internal.command.DbMigrate      : Migrating schema "PUBLIC" to version 1 - Init
2022-10-06 10:23:28.411  INFO 18713 --- [restartedMain] o.f.core.internal.command.DbMigrate      : Migrating schema "PUBLIC" to version 2 - insert movies
2022-10-06 10:23:28.431  INFO 18713 --- [restartedMain] o.f.core.internal.command.DbMigrate      : Migrating schema "PUBLIC" to version 3 - insert users
2022-10-06 10:23:28.439  INFO 18713 --- [restartedMain] o.f.core.internal.command.DbMigrate      : Successfully applied 3 migrations to schema "PUBLIC" (execution time 00:00.056s)
2022-10-06 10:23:28.503  INFO 18713 --- [restartedMain] o.hibernate.jpa.internal.util.LogHelper  : HHH000204: Processing PersistenceUnitInfo [name: default]
2022-10-06 10:23:28.525  INFO 18713 --- [restartedMain] org.hibernate.Version                    : HHH000412: Hibernate ORM core version 5.6.5.Final
2022-10-06 10:23:28.600  INFO 18713 --- [restartedMain] o.hibernate.annotations.common.Version   : HCANN000001: Hibernate Commons Annotations {5.1.2.Final}
2022-10-06 10:23:28.645  INFO 18713 --- [restartedMain] org.hibernate.dialect.Dialect            : HHH000400: Using dialect: org.hibernate.dialect.H2Dialect
2022-10-06 10:23:28.846  INFO 18713 --- [restartedMain] o.h.e.t.j.p.i.JtaPlatformInitiator       : HHH000490: Using JtaPlatform implementation: [org.hibernate.engine.transaction.jta.platform.internal.NoJtaPlatform]
2022-10-06 10:23:28.850  INFO 18713 --- [restartedMain] j.LocalContainerEntityManagerFactoryBean : Initialized JPA EntityManagerFactory for persistence unit 'default'
2022-10-06 10:23:28.931  WARN 18713 --- [restartedMain] JpaBaseConfiguration$JpaWebConfiguration : spring.jpa.open-in-view is enabled by default. Therefore, database queries may be performed during view rendering. Explicitly configure spring.jpa.open-in-view to disable this warning
2022-10-06 10:23:29.047  INFO 18713 --- [restartedMain] o.s.b.d.a.OptionalLiveReloadServer       : LiveReload server is running on port 35729
2022-10-06 10:23:29.246  INFO 18713 --- [restartedMain] .s.s.UserDetailsServiceAutoConfiguration : 

Using generated security password: 5911bec4-5697-4caa-9274-238e3f14b3bc

2022-10-06 10:23:29.298  INFO 18713 --- [restartedMain] o.s.s.web.DefaultSecurityFilterChain     : Will not secure any request
2022-10-06 10:23:29.339  INFO 18713 --- [restartedMain] o.s.b.w.embedded.tomcat.TomcatWebServer  : Tomcat started on port(s): 8080 (http) with context path ''
2022-10-06 10:23:29.425  INFO 18713 --- [restartedMain] l.c.m.MoviesBattleApplication            : Started MoviesBattleApplication in 2.275 seconds (JVM running for 2.568)
2022-10-06 10:23:29.428  INFO 18713 --- [restartedMain] l.c.m.MoviesBattleApplication            : aaa
2022-10-06 10:23:53.770  INFO 18713 --- [Thread-5] j.LocalContainerEntityManagerFactoryBean : Closing JPA EntityManagerFactory for persistence unit 'default'
2022-10-06 10:23:53.973  WARN 18713 --- [Thread-5] o.s.b.f.support.DisposableBeanAdapter    : Invocation of destroy method failed on bean with name 'inMemoryDatabaseShutdownExecutor': org.h2.jdbc.JdbcSQLNonTransientConnectionException: Database is already closed (to disable automatic closing at VM shutdown, add ";DB_CLOSE_ON_EXIT=FALSE" to the db URL) [90121-200]
2022-10-06 10:23:53.974  INFO 18713 --- [Thread-5] com.zaxxer.hikari.HikariDataSource       : HikariPool-1 - Shutdown initiated...
2022-10-06 10:23:53.978  INFO 18713 --- [Thread-5] com.zaxxer.hikari.HikariDataSource       : HikariPool-1 - Shutdown completed.
2022-10-06 10:23:54.028  INFO 18713 --- [restartedMain] l.c.m.MoviesBattleApplication            : Starting MoviesBattleApplication using Java 11.0.16 on marcelo-virtus with PID 18713 (/home/marcelo/Documentos/Pós PUC/Backend/movies-battle/bin/main started by marcelo in /home/marcelo/Documentos/Pós PUC/Backend/movies-battle)
2022-10-06 10:23:54.028  INFO 18713 --- [restartedMain] l.c.m.MoviesBattleApplication            : No active profile set, falling back to 1 default profile: "default"
2022-10-06 10:23:54.138  INFO 18713 --- [restartedMain] .s.d.r.c.RepositoryConfigurationDelegate : Bootstrapping Spring Data JPA repositories in DEFAULT mode.
2022-10-06 10:23:54.142  INFO 18713 --- [restartedMain] .s.d.r.c.RepositoryConfigurationDelegate : Finished Spring Data repository scanning in 4 ms. Found 1 JPA repository interfaces.
2022-10-06 10:23:54.194  INFO 18713 --- [restartedMain] o.s.b.w.embedded.tomcat.TomcatWebServer  : Tomcat initialized with port(s): 8080 (http)
2022-10-06 10:23:54.194  INFO 18713 --- [restartedMain] o.apache.catalina.core.StandardService   : Starting service [Tomcat]
2022-10-06 10:23:54.194  INFO 18713 --- [restartedMain] org.apache.catalina.core.StandardEngine  : Starting Servlet engine: [Apache Tomcat/9.0.58]
2022-10-06 10:23:54.200  INFO 18713 --- [restartedMain] o.a.c.c.C.[Tomcat].[localhost].[/]       : Initializing Spring embedded WebApplicationContext
2022-10-06 10:23:54.200  INFO 18713 --- [restartedMain] w.s.c.ServletWebServerApplicationContext : Root WebApplicationContext: initialization completed in 171 ms
2022-10-06 10:23:54.208  INFO 18713 --- [restartedMain] com.zaxxer.hikari.HikariDataSource       : HikariPool-2 - Starting...
2022-10-06 10:23:54.209  INFO 18713 --- [restartedMain] com.zaxxer.hikari.HikariDataSource       : HikariPool-2 - Start completed.
2022-10-06 10:23:54.209  INFO 18713 --- [restartedMain] o.s.b.a.h2.H2ConsoleAutoConfiguration    : H2 console available at '/h2-console'. Database available at 'jdbc:h2:mem:movies-battle'
2022-10-06 10:23:54.222  INFO 18713 --- [restartedMain] o.f.c.internal.database.DatabaseFactory  : Database: jdbc:h2:mem:movies-battle (H2 1.4)
2022-10-06 10:23:54.225  INFO 18713 --- [restartedMain] o.f.core.internal.command.DbValidate     : Successfully validated 3 migrations (execution time 00:00.001s)
2022-10-06 10:23:54.228  INFO 18713 --- [restartedMain] o.f.c.i.s.JdbcTableSchemaHistory         : Creating Schema History table "PUBLIC"."flyway_schema_history" ...
2022-10-06 10:23:54.234  INFO 18713 --- [restartedMain] o.f.core.internal.command.DbMigrate      : Current version of schema "PUBLIC": << Empty Schema >>
2022-10-06 10:23:54.234  INFO 18713 --- [restartedMain] o.f.core.internal.command.DbMigrate      : Migrating schema "PUBLIC" to version 1 - Init
2022-10-06 10:23:54.244  INFO 18713 --- [restartedMain] o.f.core.internal.command.DbMigrate      : Migrating schema "PUBLIC" to version 2 - insert movies
2022-10-06 10:23:54.253  INFO 18713 --- [restartedMain] o.f.core.internal.command.DbMigrate      : Migrating schema "PUBLIC" to version 3 - insert users
2022-10-06 10:23:54.258  INFO 18713 --- [restartedMain] o.f.core.internal.command.DbMigrate      : Successfully applied 3 migrations to schema "PUBLIC" (execution time 00:00.026s)
2022-10-06 10:23:54.266  INFO 18713 --- [restartedMain] o.hibernate.jpa.internal.util.LogHelper  : HHH000204: Processing PersistenceUnitInfo [name: default]
2022-10-06 10:23:54.269  INFO 18713 --- [restartedMain] org.hibernate.dialect.Dialect            : HHH000400: Using dialect: org.hibernate.dialect.H2Dialect
2022-10-06 10:23:54.280  INFO 18713 --- [restartedMain] o.h.e.t.j.p.i.JtaPlatformInitiator       : HHH000490: Using JtaPlatform implementation: [org.hibernate.engine.transaction.jta.platform.internal.NoJtaPlatform]
2022-10-06 10:23:54.280  INFO 18713 --- [restartedMain] j.LocalContainerEntityManagerFactoryBean : Initialized JPA EntityManagerFactory for persistence unit 'default'
2022-10-06 10:23:54.306  WARN 18713 --- [restartedMain] JpaBaseConfiguration$JpaWebConfiguration : spring.jpa.open-in-view is enabled by default. Therefore, database queries may be performed during view rendering. Explicitly configure spring.jpa.open-in-view to disable this warning
2022-10-06 10:23:54.341  INFO 18713 --- [restartedMain] o.s.b.d.a.OptionalLiveReloadServer       : LiveReload server is running on port 35729
2022-10-06 10:23:54.377  INFO 18713 --- [restartedMain] .s.s.UserDetailsServiceAutoConfiguration : 

Using generated security password: 3ae5c719-b732-41b6-ad14-a7e4cf215144

2022-10-06 10:23:54.383  INFO 18713 --- [restartedMain] o.s.s.web.DefaultSecurityFilterChain     : Will not secure any request
2022-10-06 10:23:54.397  INFO 18713 --- [restartedMain] o.s.b.w.embedded.tomcat.TomcatWebServer  : Tomcat started on port(s): 8080 (http) with context path ''
2022-10-06 10:23:54.421  INFO 18713 --- [restartedMain] l.c.m.MoviesBattleApplication            : Started MoviesBattleApplication in 0.407 seconds (JVM running for 27.565)
2022-10-06 10:23:54.423  INFO 18713 --- [restartedMain] .ConditionEvaluationDeltaLoggingListener : Condition evaluation unchanged
2022-10-06 10:23:54.423  INFO 18713 --- [restartedMain] l.c.m.MoviesBattleApplication            : aaa
2022-10-06 10:24:24.841  INFO 18713 --- [Thread-8] j.LocalContainerEntityManagerFactoryBean : Closing JPA EntityManagerFactory for persistence unit 'default'
2022-10-06 10:24:25.043  WARN 18713 --- [Thread-8] o.s.b.f.support.DisposableBeanAdapter    : Invocation of destroy method failed on bean with name 'inMemoryDatabaseShutdownExecutor': org.h2.jdbc.JdbcSQLNonTransientConnectionException: Database is already closed (to disable automatic closing at VM shutdown, add ";DB_CLOSE_ON_EXIT=FALSE" to the db URL) [90121-200]
2022-10-06 10:24:25.044  INFO 18713 --- [Thread-8] com.zaxxer.hikari.HikariDataSource       : HikariPool-2 - Shutdown initiated...
2022-10-06 10:24:25.048  INFO 18713 --- [Thread-8] com.zaxxer.hikari.HikariDataSource       : HikariPool-2 - Shutdown completed.
2022-10-06 10:24:25.089  INFO 18713 --- [restartedMain] l.c.m.MoviesBattleApplication            : Starting MoviesBattleApplication using Java 11.0.16 on marcelo-virtus with PID 18713 (/home/marcelo/Documentos/Pós PUC/Backend/movies-battle/bin/main started by marcelo in /home/marcelo/Documentos/Pós PUC/Backend/movies-battle)
2022-10-06 10:24:25.089  INFO 18713 --- [restartedMain] l.c.m.MoviesBattleApplication            : No active profile set, falling back to 1 default profile: "default"
2022-10-06 10:24:25.182  INFO 18713 --- [restartedMain] .s.d.r.c.RepositoryConfigurationDelegate : Bootstrapping Spring Data JPA repositories in DEFAULT mode.
2022-10-06 10:24:25.186  INFO 18713 --- [restartedMain] .s.d.r.c.RepositoryConfigurationDelegate : Finished Spring Data repository scanning in 3 ms. Found 1 JPA repository interfaces.
2022-10-06 10:24:25.230  INFO 18713 --- [restartedMain] o.s.b.w.embedded.tomcat.TomcatWebServer  : Tomcat initialized with port(s): 8080 (http)
2022-10-06 10:24:25.230  INFO 18713 --- [restartedMain] o.apache.catalina.core.StandardService   : Starting service [Tomcat]
2022-10-06 10:24:25.230  INFO 18713 --- [restartedMain] org.apache.catalina.core.StandardEngine  : Starting Servlet engine: [Apache Tomcat/9.0.58]
2022-10-06 10:24:25.236  INFO 18713 --- [restartedMain] o.a.c.c.C.[Tomcat].[localhost].[/]       : Initializing Spring embedded WebApplicationContext
2022-10-06 10:24:25.236  INFO 18713 --- [restartedMain] w.s.c.ServletWebServerApplicationContext : Root WebApplicationContext: initialization completed in 146 ms
2022-10-06 10:24:25.243  INFO 18713 --- [restartedMain] com.zaxxer.hikari.HikariDataSource       : HikariPool-3 - Starting...
2022-10-06 10:24:25.244  INFO 18713 --- [restartedMain] com.zaxxer.hikari.HikariDataSource       : HikariPool-3 - Start completed.
2022-10-06 10:24:25.244  INFO 18713 --- [restartedMain] o.s.b.a.h2.H2ConsoleAutoConfiguration    : H2 console available at '/h2-console'. Database available at 'jdbc:h2:mem:movies-battle'
2022-10-06 10:24:25.256  INFO 18713 --- [restartedMain] o.f.c.internal.database.DatabaseFactory  : Database: jdbc:h2:mem:movies-battle (H2 1.4)
2022-10-06 10:24:25.259  INFO 18713 --- [restartedMain] o.f.core.internal.command.DbValidate     : Successfully validated 3 migrations (execution time 00:00.001s)
2022-10-06 10:24:25.260  INFO 18713 --- [restartedMain] o.f.c.i.s.JdbcTableSchemaHistory         : Creating Schema History table "PUBLIC"."flyway_schema_history" ...
2022-10-06 10:24:25.265  INFO 18713 --- [restartedMain] o.f.core.internal.command.DbMigrate      : Current version of schema "PUBLIC": << Empty Schema >>
2022-10-06 10:24:25.265  INFO 18713 --- [restartedMain] o.f.core.internal.command.DbMigrate      : Migrating schema "PUBLIC" to version 1 - Init
2022-10-06 10:24:25.272  INFO 18713 --- [restartedMain] o.f.core.internal.command.DbMigrate      : Migrating schema "PUBLIC" to version 2 - insert movies
2022-10-06 10:24:25.279  INFO 18713 --- [restartedMain] o.f.core.internal.command.DbMigrate      : Migrating schema "PUBLIC" to version 3 - insert users
2022-10-06 10:24:25.283  INFO 18713 --- [restartedMain] o.f.core.internal.command.DbMigrate      : Successfully applied 3 migrations to schema "PUBLIC" (execution time 00:00.019s)
2022-10-06 10:24:25.291  INFO 18713 --- [restartedMain] o.hibernate.jpa.internal.util.LogHelper  : HHH000204: Processing PersistenceUnitInfo [name: default]
2022-10-06 10:24:25.293  INFO 18713 --- [restartedMain] org.hibernate.dialect.Dialect            : HHH000400: Using dialect: org.hibernate.dialect.H2Dialect
2022-10-06 10:24:25.302  INFO 18713 --- [restartedMain] o.h.e.t.j.p.i.JtaPlatformInitiator       : HHH000490: Using JtaPlatform implementation: [org.hibernate.engine.transaction.jta.platform.internal.NoJtaPlatform]
2022-10-06 10:24:25.303  INFO 18713 --- [restartedMain] j.LocalContainerEntityManagerFactoryBean : Initialized JPA EntityManagerFactory for persistence unit 'default'
2022-10-06 10:24:25.325  WARN 18713 --- [restartedMain] JpaBaseConfiguration$JpaWebConfiguration : spring.jpa.open-in-view is enabled by default. Therefore, database queries may be performed during view rendering. Explicitly configure spring.jpa.open-in-view to disable this warning
2022-10-06 10:24:25.361  INFO 18713 --- [restartedMain] o.s.b.d.a.OptionalLiveReloadServer       : LiveReload server is running on port 35729
2022-10-06 10:24:25.396  INFO 18713 --- [restartedMain] .s.s.UserDetailsServiceAutoConfiguration : 

Using generated security password: 1a3922e0-0b52-4601-a8ad-d29718d0c9c3

2022-10-06 10:24:25.404  INFO 18713 --- [restartedMain] o.s.s.web.DefaultSecurityFilterChain     : Will not secure any request
2022-10-06 10:24:25.417  INFO 18713 --- [restartedMain] o.s.b.w.embedded.tomcat.TomcatWebServer  : Tomcat started on port(s): 8080 (http) with context path ''
2022-10-06 10:24:25.449  INFO 18713 --- [restartedMain] l.c.m.MoviesBattleApplication            : Started MoviesBattleApplication in 0.372 seconds (JVM running for 58.593)
2022-10-06 10:24:25.451  INFO 18713 --- [restartedMain] .ConditionEvaluationDeltaLoggingListener : Condition evaluation unchanged
2022-10-06 10:24:25.451  INFO 18713 --- [restartedMain] l.c.m.MoviesBattleApplication            : aaa
2022-10-06 10:24:51.852  INFO 18713 --- [Thread-12] j.LocalContainerEntityManagerFactoryBean : Closing JPA EntityManagerFactory for persistence unit 'default'
2022-10-06 10:24:52.053  WARN 18713 --- [Thread-12] o.s.b.f.support.DisposableBeanAdapter    : Invocation of destroy method failed on bean with name 'inMemoryDatabaseShutdownExecutor': org.h2.jdbc.JdbcSQLNonTransientConnectionException: Database is already closed (to disable automatic closing at VM shutdown, add ";DB_CLOSE_ON_EXIT=FALSE" to the db URL) [90121-200]
2022-10-06 10:24:52.054  INFO 18713 --- [Thread-12] com.zaxxer.hikari.HikariDataSource       : HikariPool-3 - Shutdown initiated...
2022-10-06 10:24:52.057  INFO 18713 --- [Thread-12] com.zaxxer.hikari.HikariDataSource       : HikariPool-3 - Shutdown completed.
2022-10-06 10:24:52.099  INFO 18713 --- [restartedMain] l.c.m.MoviesBattleApplication            : Starting MoviesBattleApplication using Java 11.0.16 on marcelo-virtus with PID 18713 (/home/marcelo/Documentos/Pós PUC/Backend/movies-battle/bin/main started by marcelo in /home/marcelo/Documentos/Pós PUC/Backend/movies-battle)
2022-10-06 10:24:52.099  INFO 18713 --- [restartedMain] l.c.m.MoviesBattleApplication            : No active profile set, falling back to 1 default profile: "default"
2022-10-06 10:24:52.189  INFO 18713 --- [restartedMain] .s.d.r.c.RepositoryConfigurationDelegate : Bootstrapping Spring Data JPA repositories in DEFAULT mode.
2022-10-06 10:24:52.192  INFO 18713 --- [restartedMain] .s.d.r.c.RepositoryConfigurationDelegate : Finished Spring Data repository scanning in 3 ms. Found 1 JPA repository interfaces.
2022-10-06 10:24:52.234  INFO 18713 --- [restartedMain] o.s.b.w.embedded.tomcat.TomcatWebServer  : Tomcat initialized with port(s): 8080 (http)
2022-10-06 10:24:52.234  INFO 18713 --- [restartedMain] o.apache.catalina.core.StandardService   : Starting service [Tomcat]
2022-10-06 10:24:52.234  INFO 18713 --- [restartedMain] org.apache.catalina.core.StandardEngine  : Starting Servlet engine: [Apache Tomcat/9.0.58]
2022-10-06 10:24:52.239  INFO 18713 --- [restartedMain] o.a.c.c.C.[Tomcat].[localhost].[/]       : Initializing Spring embedded WebApplicationContext
2022-10-06 10:24:52.239  INFO 18713 --- [restartedMain] w.s.c.ServletWebServerApplicationContext : Root WebApplicationContext: initialization completed in 139 ms
2022-10-06 10:24:52.246  INFO 18713 --- [restartedMain] com.zaxxer.hikari.HikariDataSource       : HikariPool-4 - Starting...
2022-10-06 10:24:52.247  INFO 18713 --- [restartedMain] com.zaxxer.hikari.HikariDataSource       : HikariPool-4 - Start completed.
2022-10-06 10:24:52.247  INFO 18713 --- [restartedMain] o.s.b.a.h2.H2ConsoleAutoConfiguration    : H2 console available at '/h2-console'. Database available at 'jdbc:h2:mem:movies-battle'
2022-10-06 10:24:52.258  INFO 18713 --- [restartedMain] o.f.c.internal.database.DatabaseFactory  : Database: jdbc:h2:mem:movies-battle (H2 1.4)
2022-10-06 10:24:52.261  INFO 18713 --- [restartedMain] o.f.core.internal.command.DbValidate     : Successfully validated 3 migrations (execution time 00:00.001s)
2022-10-06 10:24:52.262  INFO 18713 --- [restartedMain] o.f.c.i.s.JdbcTableSchemaHistory         : Creating Schema History table "PUBLIC"."flyway_schema_history" ...
2022-10-06 10:24:52.266  INFO 18713 --- [restartedMain] o.f.core.internal.command.DbMigrate      : Current version of schema "PUBLIC": << Empty Schema >>
2022-10-06 10:24:52.267  INFO 18713 --- [restartedMain] o.f.core.internal.command.DbMigrate      : Migrating schema "PUBLIC" to version 1 - Init
2022-10-06 10:24:52.274  INFO 18713 --- [restartedMain] o.f.core.internal.command.DbMigrate      : Migrating schema "PUBLIC" to version 2 - insert movies
2022-10-06 10:24:52.281  INFO 18713 --- [restartedMain] o.f.core.internal.command.DbMigrate      : Migrating schema "PUBLIC" to version 3 - insert users
2022-10-06 10:24:52.284  INFO 18713 --- [restartedMain] o.f.core.internal.command.DbMigrate      : Successfully applied 3 migrations to schema "PUBLIC" (execution time 00:00.018s)
2022-10-06 10:24:52.293  INFO 18713 --- [restartedMain] o.hibernate.jpa.internal.util.LogHelper  : HHH000204: Processing PersistenceUnitInfo [name: default]
2022-10-06 10:24:52.295  INFO 18713 --- [restartedMain] org.hibernate.dialect.Dialect            : HHH000400: Using dialect: org.hibernate.dialect.H2Dialect
2022-10-06 10:24:52.304  INFO 18713 --- [restartedMain] o.h.e.t.j.p.i.JtaPlatformInitiator       : HHH000490: Using JtaPlatform implementation: [org.hibernate.engine.transaction.jta.platform.internal.NoJtaPlatform]
2022-10-06 10:24:52.304  INFO 18713 --- [restartedMain] j.LocalContainerEntityManagerFactoryBean : Initialized JPA EntityManagerFactory for persistence unit 'default'
2022-10-06 10:24:52.326  WARN 18713 --- [restartedMain] JpaBaseConfiguration$JpaWebConfiguration : spring.jpa.open-in-view is enabled by default. Therefore, database queries may be performed during view rendering. Explicitly configure spring.jpa.open-in-view to disable this warning
2022-10-06 10:24:52.357  INFO 18713 --- [restartedMain] o.s.b.d.a.OptionalLiveReloadServer       : LiveReload server is running on port 35729
2022-10-06 10:24:52.391  INFO 18713 --- [restartedMain] .s.s.UserDetailsServiceAutoConfiguration : 

Using generated security password: 08a02a12-7412-49c6-91c3-470529874450

2022-10-06 10:24:52.397  INFO 18713 --- [restartedMain] o.s.s.web.DefaultSecurityFilterChain     : Will not secure any request
2022-10-06 10:24:52.410  INFO 18713 --- [restartedMain] o.s.b.w.embedded.tomcat.TomcatWebServer  : Tomcat started on port(s): 8080 (http) with context path ''
2022-10-06 10:24:52.432  INFO 18713 --- [restartedMain] l.c.m.MoviesBattleApplication            : Started MoviesBattleApplication in 0.344 seconds (JVM running for 85.576)
2022-10-06 10:24:52.433  INFO 18713 --- [restartedMain] .ConditionEvaluationDeltaLoggingListener : Condition evaluation unchanged
2022-10-06 10:24:52.433  INFO 18713 --- [restartedMain] l.c.m.MoviesBattleApplication            : aaa
2022-10-06 10:26:47.637  INFO 18713 --- [RMI TCP Connection(19)-127.0.0.1] inMXBeanRegistrar$SpringApplicationAdmin : Application shutdown requested.
2022-10-06 10:26:47.648  INFO 18713 --- [RMI TCP Connection(19)-127.0.0.1] j.LocalContainerEntityManagerFactoryBean : Closing JPA EntityManagerFactory for persistence unit 'default'
2022-10-06 10:26:47.852  WARN 18713 --- [RMI TCP Connection(19)-127.0.0.1] o.s.b.f.support.DisposableBeanAdapter    : Invocation of destroy method failed on bean with name 'inMemoryDatabaseShutdownExecutor': org.h2.jdbc.JdbcSQLNonTransientConnectionException: Database is already closed (to disable automatic closing at VM shutdown, add ";DB_CLOSE_ON_EXIT=FALSE" to the db URL) [90121-200]
2022-10-06 10:26:47.853  INFO 18713 --- [RMI TCP Connection(19)-127.0.0.1] com.zaxxer.hikari.HikariDataSource       : HikariPool-4 - Shutdown initiated...
2022-10-06 10:26:47.903  INFO 18713 --- [RMI TCP Connection(19)-127.0.0.1] com.zaxxer.hikari.HikariDataSource       : HikariPool-4 - Shutdown completed.
2022-10-06 10:26:50.417  INFO 19160 --- [restartedMain] l.c.m.MoviesBattleApplication            : Starting MoviesBattleApplication using Java 11.0.16 on marcelo-virtus with PID 19160 (/home/marcelo/Documentos/Pós PUC/Backend/movies-battle/bin/main started by marcelo in /home/marcelo/Documentos/Pós PUC/Backend/movies-battle)
2022-10-06 10:26:50.418  INFO 19160 --- [restartedMain] l.c.m.MoviesBattleApplication            : No active profile set, falling back to 1 default profile: "default"
2022-10-06 10:26:50.446  INFO 19160 --- [restartedMain] .e.DevToolsPropertyDefaultsPostProcessor : Devtools property defaults active! Set 'spring.devtools.add-properties' to 'false' to disable
2022-10-06 10:26:50.446  INFO 19160 --- [restartedMain] .e.DevToolsPropertyDefaultsPostProcessor : For additional web related logging consider setting the 'logging.level.web' property to 'DEBUG'
2022-10-06 10:26:50.835  INFO 19160 --- [restartedMain] .s.d.r.c.RepositoryConfigurationDelegate : Bootstrapping Spring Data JPA repositories in DEFAULT mode.
2022-10-06 10:26:50.862  INFO 19160 --- [restartedMain] .s.d.r.c.RepositoryConfigurationDelegate : Finished Spring Data repository scanning in 21 ms. Found 1 JPA repository interfaces.
2022-10-06 10:26:51.225  INFO 19160 --- [restartedMain] o.s.b.w.embedded.tomcat.TomcatWebServer  : Tomcat initialized with port(s): 8080 (http)
2022-10-06 10:26:51.231  INFO 19160 --- [restartedMain] o.apache.catalina.core.StandardService   : Starting service [Tomcat]
2022-10-06 10:26:51.231  INFO 19160 --- [restartedMain] org.apache.catalina.core.StandardEngine  : Starting Servlet engine: [Apache Tomcat/9.0.58]
2022-10-06 10:26:51.266  INFO 19160 --- [restartedMain] o.a.c.c.C.[Tomcat].[localhost].[/]       : Initializing Spring embedded WebApplicationContext
2022-10-06 10:26:51.267  INFO 19160 --- [restartedMain] w.s.c.ServletWebServerApplicationContext : Root WebApplicationContext: initialization completed in 821 ms
2022-10-06 10:26:51.283  INFO 19160 --- [restartedMain] com.zaxxer.hikari.HikariDataSource       : HikariPool-1 - Starting...
2022-10-06 10:26:51.395  INFO 19160 --- [restartedMain] com.zaxxer.hikari.HikariDataSource       : HikariPool-1 - Start completed.
2022-10-06 10:26:51.402  INFO 19160 --- [restartedMain] o.s.b.a.h2.H2ConsoleAutoConfiguration    : H2 console available at '/h2-console'. Database available at 'jdbc:h2:mem:movies-battle'
2022-10-06 10:26:51.456  INFO 19160 --- [restartedMain] o.f.c.internal.license.VersionPrinter    : Flyway Community Edition 6.4.3 by Redgate
2022-10-06 10:26:51.466  INFO 19160 --- [restartedMain] o.f.c.internal.database.DatabaseFactory  : Database: jdbc:h2:mem:movies-battle (H2 1.4)
2022-10-06 10:26:51.503  INFO 19160 --- [restartedMain] o.f.core.internal.command.DbValidate     : Successfully validated 3 migrations (execution time 00:00.012s)
2022-10-06 10:26:51.510  INFO 19160 --- [restartedMain] o.f.c.i.s.JdbcTableSchemaHistory         : Creating Schema History table "PUBLIC"."flyway_schema_history" ...
2022-10-06 10:26:51.531  INFO 19160 --- [restartedMain] o.f.core.internal.command.DbMigrate      : Current version of schema "PUBLIC": << Empty Schema >>
2022-10-06 10:26:51.534  INFO 19160 --- [restartedMain] o.f.core.internal.command.DbMigrate      : Migrating schema "PUBLIC" to version 1 - Init
2022-10-06 10:26:51.551  INFO 19160 --- [restartedMain] o.f.core.internal.command.DbMigrate      : Migrating schema "PUBLIC" to version 2 - insert movies
2022-10-06 10:26:51.568  INFO 19160 --- [restartedMain] o.f.core.internal.command.DbMigrate      : Migrating schema "PUBLIC" to version 3 - insert users
2022-10-06 10:26:51.575  INFO 19160 --- [restartedMain] o.f.core.internal.command.DbMigrate      : Successfully applied 3 migrations to schema "PUBLIC" (execution time 00:00.047s)
2022-10-06 10:26:51.638  INFO 19160 --- [restartedMain] o.hibernate.jpa.internal.util.LogHelper  : HHH000204: Processing PersistenceUnitInfo [name: default]
2022-10-06 10:26:51.664  INFO 19160 --- [restartedMain] org.hibernate.Version                    : HHH000412: Hibernate ORM core version 5.6.5.Final
2022-10-06 10:26:51.747  INFO 19160 --- [restartedMain] o.hibernate.annotations.common.Version   : HCANN000001: Hibernate Commons Annotations {5.1.2.Final}
2022-10-06 10:26:51.802  INFO 19160 --- [restartedMain] org.hibernate.dialect.Dialect            : HHH000400: Using dialect: org.hibernate.dialect.H2Dialect
2022-10-06 10:26:52.090  INFO 19160 --- [restartedMain] o.h.e.t.j.p.i.JtaPlatformInitiator       : HHH000490: Using JtaPlatform implementation: [org.hibernate.engine.transaction.jta.platform.internal.NoJtaPlatform]
2022-10-06 10:26:52.096  INFO 19160 --- [restartedMain] j.LocalContainerEntityManagerFactoryBean : Initialized JPA EntityManagerFactory for persistence unit 'default'
2022-10-06 10:26:52.207  WARN 19160 --- [restartedMain] JpaBaseConfiguration$JpaWebConfiguration : spring.jpa.open-in-view is enabled by default. Therefore, database queries may be performed during view rendering. Explicitly configure spring.jpa.open-in-view to disable this warning
2022-10-06 10:26:52.349  INFO 19160 --- [restartedMain] o.s.b.d.a.OptionalLiveReloadServer       : LiveReload server is running on port 35729
2022-10-06 10:26:52.572  INFO 19160 --- [restartedMain] .s.s.UserDetailsServiceAutoConfiguration : 

Using generated security password: 8a953551-5dfc-43da-9a8e-9f7393e4df34

2022-10-06 10:26:52.636  INFO 19160 --- [restartedMain] o.s.s.web.DefaultSecurityFilterChain     : Will not secure any request
2022-10-06 10:26:52.685  INFO 19160 --- [restartedMain] o.s.b.w.embedded.tomcat.TomcatWebServer  : Tomcat started on port(s): 8080 (http) with context path ''
2022-10-06 10:26:52.777  INFO 19160 --- [restartedMain] l.c.m.MoviesBattleApplication            : Started MoviesBattleApplication in 2.581 seconds (JVM running for 3.01)
2022-10-06 10:26:52.781  INFO 19160 --- [restartedMain] l.c.m.MoviesBattleApplication            : aaa
2022-10-06 10:30:38.419  INFO 19695 --- [restartedMain] l.c.m.MoviesBattleApplication            : Starting MoviesBattleApplication using Java 11.0.16 on marcelo-virtus with PID 19695 (/home/marcelo/Documentos/Pós PUC/Backend/movies-battle/bin/main started by marcelo in /home/marcelo/Documentos/Pós PUC/Backend/movies-battle)
2022-10-06 10:30:38.420  INFO 19695 --- [restartedMain] l.c.m.MoviesBattleApplication            : No active profile set, falling back to 1 default profile: "default"
2022-10-06 10:30:38.449  INFO 19695 --- [restartedMain] .e.DevToolsPropertyDefaultsPostProcessor : Devtools property defaults active! Set 'spring.devtools.add-properties' to 'false' to disable
2022-10-06 10:30:38.449  INFO 19695 --- [restartedMain] .e.DevToolsPropertyDefaultsPostProcessor : For additional web related logging consider setting the 'logging.level.web' property to 'DEBUG'
2022-10-06 10:30:38.857  INFO 19695 --- [restartedMain] .s.d.r.c.RepositoryConfigurationDelegate : Bootstrapping Spring Data JPA repositories in DEFAULT mode.
2022-10-06 10:30:38.885  INFO 19695 --- [restartedMain] .s.d.r.c.RepositoryConfigurationDelegate : Finished Spring Data repository scanning in 22 ms. Found 1 JPA repository interfaces.
2022-10-06 10:30:39.254  INFO 19695 --- [restartedMain] o.s.b.w.embedded.tomcat.TomcatWebServer  : Tomcat initialized with port(s): 8080 (http)
2022-10-06 10:30:39.260  INFO 19695 --- [restartedMain] o.apache.catalina.core.StandardService   : Starting service [Tomcat]
2022-10-06 10:30:39.260  INFO 19695 --- [restartedMain] org.apache.catalina.core.StandardEngine  : Starting Servlet engine: [Apache Tomcat/9.0.58]
2022-10-06 10:30:39.296  INFO 19695 --- [restartedMain] o.a.c.c.C.[Tomcat].[localhost].[/]       : Initializing Spring embedded WebApplicationContext
2022-10-06 10:30:39.296  INFO 19695 --- [restartedMain] w.s.c.ServletWebServerApplicationContext : Root WebApplicationContext: initialization completed in 846 ms
2022-10-06 10:30:39.313  INFO 19695 --- [restartedMain] com.zaxxer.hikari.HikariDataSource       : HikariPool-1 - Starting...
2022-10-06 10:30:39.424  INFO 19695 --- [restartedMain] com.zaxxer.hikari.HikariDataSource       : HikariPool-1 - Start completed.
2022-10-06 10:30:39.430  INFO 19695 --- [restartedMain] o.s.b.a.h2.H2ConsoleAutoConfiguration    : H2 console available at '/h2-console'. Database available at 'jdbc:h2:mem:movies-battle'
2022-10-06 10:30:39.483  INFO 19695 --- [restartedMain] o.f.c.internal.license.VersionPrinter    : Flyway Community Edition 6.4.3 by Redgate
2022-10-06 10:30:39.493  INFO 19695 --- [restartedMain] o.f.c.internal.database.DatabaseFactory  : Database: jdbc:h2:mem:movies-battle (H2 1.4)
2022-10-06 10:30:39.529  INFO 19695 --- [restartedMain] o.f.core.internal.command.DbValidate     : Successfully validated 3 migrations (execution time 00:00.012s)
2022-10-06 10:30:39.536  INFO 19695 --- [restartedMain] o.f.c.i.s.JdbcTableSchemaHistory         : Creating Schema History table "PUBLIC"."flyway_schema_history" ...
2022-10-06 10:30:39.556  INFO 19695 --- [restartedMain] o.f.core.internal.command.DbMigrate      : Current version of schema "PUBLIC": << Empty Schema >>
2022-10-06 10:30:39.559  INFO 19695 --- [restartedMain] o.f.core.internal.command.DbMigrate      : Migrating schema "PUBLIC" to version 1 - Init
2022-10-06 10:30:39.575  INFO 19695 --- [restartedMain] o.f.core.internal.command.DbMigrate      : Migrating schema "PUBLIC" to version 2 - insert movies
2022-10-06 10:30:39.591  INFO 19695 --- [restartedMain] o.f.core.internal.command.DbMigrate      : Migrating schema "PUBLIC" to version 3 - insert users
2022-10-06 10:30:39.598  INFO 19695 --- [restartedMain] o.f.core.internal.command.DbMigrate      : Successfully applied 3 migrations to schema "PUBLIC" (execution time 00:00.044s)
2022-10-06 10:30:39.659  INFO 19695 --- [restartedMain] o.hibernate.jpa.internal.util.LogHelper  : HHH000204: Processing PersistenceUnitInfo [name: default]
2022-10-06 10:30:39.684  INFO 19695 --- [restartedMain] org.hibernate.Version                    : HHH000412: Hibernate ORM core version 5.6.5.Final
2022-10-06 10:30:39.766  INFO 19695 --- [restartedMain] o.hibernate.annotations.common.Version   : HCANN000001: Hibernate Commons Annotations {5.1.2.Final}
2022-10-06 10:30:39.820  INFO 19695 --- [restartedMain] org.hibernate.dialect.Dialect            : HHH000400: Using dialect: org.hibernate.dialect.H2Dialect
2022-10-06 10:30:40.099  INFO 19695 --- [restartedMain] o.h.e.t.j.p.i.JtaPlatformInitiator       : HHH000490: Using JtaPlatform implementation: [org.hibernate.engine.transaction.jta.platform.internal.NoJtaPlatform]
2022-10-06 10:30:40.104  INFO 19695 --- [restartedMain] j.LocalContainerEntityManagerFactoryBean : Initialized JPA EntityManagerFactory for persistence unit 'default'
2022-10-06 10:30:40.206  WARN 19695 --- [restartedMain] JpaBaseConfiguration$JpaWebConfiguration : spring.jpa.open-in-view is enabled by default. Therefore, database queries may be performed during view rendering. Explicitly configure spring.jpa.open-in-view to disable this warning
2022-10-06 10:30:40.349  INFO 19695 --- [restartedMain] o.s.b.d.a.OptionalLiveReloadServer       : LiveReload server is running on port 35729
2022-10-06 10:30:40.576  INFO 19695 --- [restartedMain] .s.s.UserDetailsServiceAutoConfiguration : 

Using generated security password: 91aab30d-3dd3-4252-a354-5fed31f2a5af

2022-10-06 10:30:40.639  INFO 19695 --- [restartedMain] o.s.s.web.DefaultSecurityFilterChain     : Will not secure any request
2022-10-06 10:30:40.686  INFO 19695 --- [restartedMain] o.s.b.w.embedded.tomcat.TomcatWebServer  : Tomcat started on port(s): 8080 (http) with context path ''
2022-10-06 10:30:40.779  INFO 19695 --- [restartedMain] l.c.m.MoviesBattleApplication            : Started MoviesBattleApplication in 2.579 seconds (JVM running for 3.022)
2022-10-06 10:30:40.783  INFO 19695 --- [restartedMain] l.c.m.MoviesBattleApplication            : aaa
2022-10-06 10:32:01.185  INFO 19695 --- [Thread-5] j.LocalContainerEntityManagerFactoryBean : Closing JPA EntityManagerFactory for persistence unit 'default'
2022-10-06 10:32:01.389  WARN 19695 --- [Thread-5] o.s.b.f.support.DisposableBeanAdapter    : Invocation of destroy method failed on bean with name 'inMemoryDatabaseShutdownExecutor': org.h2.jdbc.JdbcSQLNonTransientConnectionException: Database is already closed (to disable automatic closing at VM shutdown, add ";DB_CLOSE_ON_EXIT=FALSE" to the db URL) [90121-200]
2022-10-06 10:32:01.390  INFO 19695 --- [Thread-5] com.zaxxer.hikari.HikariDataSource       : HikariPool-1 - Shutdown initiated...
2022-10-06 10:32:01.396  INFO 19695 --- [Thread-5] com.zaxxer.hikari.HikariDataSource       : HikariPool-1 - Shutdown completed.
2022-10-06 10:44:26.464  INFO 21605 --- [restartedMain] l.c.m.MoviesBattleApplication            : Starting MoviesBattleApplication using Java 11.0.16 on marcelo-virtus with PID 21605 (/home/marcelo/Documentos/Pós PUC/Backend/movies-battle/bin/main started by marcelo in /home/marcelo/Documentos/Pós PUC/Backend/movies-battle)
2022-10-06 10:44:26.465  INFO 21605 --- [restartedMain] l.c.m.MoviesBattleApplication            : No active profile set, falling back to 1 default profile: "default"
2022-10-06 10:44:26.489  INFO 21605 --- [restartedMain] .e.DevToolsPropertyDefaultsPostProcessor : Devtools property defaults active! Set 'spring.devtools.add-properties' to 'false' to disable
2022-10-06 10:44:26.490  INFO 21605 --- [restartedMain] .e.DevToolsPropertyDefaultsPostProcessor : For additional web related logging consider setting the 'logging.level.web' property to 'DEBUG'
2022-10-06 10:44:26.897  INFO 21605 --- [restartedMain] .s.d.r.c.RepositoryConfigurationDelegate : Bootstrapping Spring Data JPA repositories in DEFAULT mode.
2022-10-06 10:44:26.926  INFO 21605 --- [restartedMain] .s.d.r.c.RepositoryConfigurationDelegate : Finished Spring Data repository scanning in 23 ms. Found 1 JPA repository interfaces.
2022-10-06 10:44:27.315  INFO 21605 --- [restartedMain] o.s.b.w.embedded.tomcat.TomcatWebServer  : Tomcat initialized with port(s): 8080 (http)
2022-10-06 10:44:27.321  INFO 21605 --- [restartedMain] o.apache.catalina.core.StandardService   : Starting service [Tomcat]
2022-10-06 10:44:27.321  INFO 21605 --- [restartedMain] org.apache.catalina.core.StandardEngine  : Starting Servlet engine: [Apache Tomcat/9.0.58]
2022-10-06 10:44:27.357  INFO 21605 --- [restartedMain] o.a.c.c.C.[Tomcat].[localhost].[/]       : Initializing Spring embedded WebApplicationContext
2022-10-06 10:44:27.358  INFO 21605 --- [restartedMain] w.s.c.ServletWebServerApplicationContext : Root WebApplicationContext: initialization completed in 868 ms
2022-10-06 10:44:27.374  INFO 21605 --- [restartedMain] com.zaxxer.hikari.HikariDataSource       : HikariPool-1 - Starting...
2022-10-06 10:44:27.487  INFO 21605 --- [restartedMain] com.zaxxer.hikari.HikariDataSource       : HikariPool-1 - Start completed.
2022-10-06 10:44:27.494  INFO 21605 --- [restartedMain] o.s.b.a.h2.H2ConsoleAutoConfiguration    : H2 console available at '/h2-console'. Database available at 'jdbc:h2:mem:movies-battle'
2022-10-06 10:44:27.549  INFO 21605 --- [restartedMain] o.f.c.internal.license.VersionPrinter    : Flyway Community Edition 6.4.3 by Redgate
2022-10-06 10:44:27.558  INFO 21605 --- [restartedMain] o.f.c.internal.database.DatabaseFactory  : Database: jdbc:h2:mem:movies-battle (H2 1.4)
2022-10-06 10:44:27.596  INFO 21605 --- [restartedMain] o.f.core.internal.command.DbValidate     : Successfully validated 3 migrations (execution time 00:00.012s)
2022-10-06 10:44:27.602  INFO 21605 --- [restartedMain] o.f.c.i.s.JdbcTableSchemaHistory         : Creating Schema History table "PUBLIC"."flyway_schema_history" ...
2022-10-06 10:44:27.623  INFO 21605 --- [restartedMain] o.f.core.internal.command.DbMigrate      : Current version of schema "PUBLIC": << Empty Schema >>
2022-10-06 10:44:27.626  INFO 21605 --- [restartedMain] o.f.core.internal.command.DbMigrate      : Migrating schema "PUBLIC" to version 1 - Init
2022-10-06 10:44:27.643  INFO 21605 --- [restartedMain] o.f.core.internal.command.DbMigrate      : Migrating schema "PUBLIC" to version 2 - insert movies
2022-10-06 10:44:27.659  INFO 21605 --- [restartedMain] o.f.core.internal.command.DbMigrate      : Migrating schema "PUBLIC" to version 3 - insert users
2022-10-06 10:44:27.666  INFO 21605 --- [restartedMain] o.f.core.internal.command.DbMigrate      : Successfully applied 3 migrations to schema "PUBLIC" (execution time 00:00.045s)
2022-10-06 10:44:27.728  INFO 21605 --- [restartedMain] o.hibernate.jpa.internal.util.LogHelper  : HHH000204: Processing PersistenceUnitInfo [name: default]
2022-10-06 10:44:27.753  INFO 21605 --- [restartedMain] org.hibernate.Version                    : HHH000412: Hibernate ORM core version 5.6.5.Final
2022-10-06 10:44:27.836  INFO 21605 --- [restartedMain] o.hibernate.annotations.common.Version   : HCANN000001: Hibernate Commons Annotations {5.1.2.Final}
2022-10-06 10:44:27.890  INFO 21605 --- [restartedMain] org.hibernate.dialect.Dialect            : HHH000400: Using dialect: org.hibernate.dialect.H2Dialect
2022-10-06 10:44:28.169  INFO 21605 --- [restartedMain] o.h.e.t.j.p.i.JtaPlatformInitiator       : HHH000490: Using JtaPlatform implementation: [org.hibernate.engine.transaction.jta.platform.internal.NoJtaPlatform]
2022-10-06 10:44:28.174  INFO 21605 --- [restartedMain] j.LocalContainerEntityManagerFactoryBean : Initialized JPA EntityManagerFactory for persistence unit 'default'
2022-10-06 10:44:28.273  WARN 21605 --- [restartedMain] JpaBaseConfiguration$JpaWebConfiguration : spring.jpa.open-in-view is enabled by default. Therefore, database queries may be performed during view rendering. Explicitly configure spring.jpa.open-in-view to disable this warning
2022-10-06 10:44:28.413  INFO 21605 --- [restartedMain] o.s.b.d.a.OptionalLiveReloadServer       : LiveReload server is running on port 35729
2022-10-06 10:44:28.648  INFO 21605 --- [restartedMain] .s.s.UserDetailsServiceAutoConfiguration : 

Using generated security password: 6d04f31f-54df-4607-b379-c388b419340d

2022-10-06 10:44:28.714  INFO 21605 --- [restartedMain] o.s.s.web.DefaultSecurityFilterChain     : Will not secure any request
2022-10-06 10:44:28.768  INFO 21605 --- [restartedMain] o.s.b.w.embedded.tomcat.TomcatWebServer  : Tomcat started on port(s): 8080 (http) with context path ''
2022-10-06 10:44:28.879  INFO 21605 --- [restartedMain] l.c.m.MoviesBattleApplication            : Started MoviesBattleApplication in 2.628 seconds (JVM running for 3.055)
2022-10-06 10:44:28.883  INFO 21605 --- [restartedMain] l.c.m.MoviesBattleApplication            : aaa
2022-10-06 10:44:39.177  INFO 21605 --- [Thread-5] j.LocalContainerEntityManagerFactoryBean : Closing JPA EntityManagerFactory for persistence unit 'default'
2022-10-06 10:44:39.382  WARN 21605 --- [Thread-5] o.s.b.f.support.DisposableBeanAdapter    : Invocation of destroy method failed on bean with name 'inMemoryDatabaseShutdownExecutor': org.h2.jdbc.JdbcSQLNonTransientConnectionException: Database is already closed (to disable automatic closing at VM shutdown, add ";DB_CLOSE_ON_EXIT=FALSE" to the db URL) [90121-200]
2022-10-06 10:44:39.383  INFO 21605 --- [Thread-5] com.zaxxer.hikari.HikariDataSource       : HikariPool-1 - Shutdown initiated...
2022-10-06 10:44:39.387  INFO 21605 --- [Thread-5] com.zaxxer.hikari.HikariDataSource       : HikariPool-1 - Shutdown completed.
2022-10-06 10:48:42.668  INFO 22189 --- [restartedMain] l.c.m.MoviesBattleApplication            : Starting MoviesBattleApplication using Java 11.0.16 on marcelo-virtus with PID 22189 (/home/marcelo/Documentos/Pós PUC/Backend/movies-battle/bin/main started by marcelo in /home/marcelo/Documentos/Pós PUC/Backend/movies-battle)
2022-10-06 10:48:42.669  INFO 22189 --- [restartedMain] l.c.m.MoviesBattleApplication            : No active profile set, falling back to 1 default profile: "default"
2022-10-06 10:48:42.693  INFO 22189 --- [restartedMain] .e.DevToolsPropertyDefaultsPostProcessor : Devtools property defaults active! Set 'spring.devtools.add-properties' to 'false' to disable
2022-10-06 10:48:42.693  INFO 22189 --- [restartedMain] .e.DevToolsPropertyDefaultsPostProcessor : For additional web related logging consider setting the 'logging.level.web' property to 'DEBUG'
2022-10-06 10:48:43.097  INFO 22189 --- [restartedMain] .s.d.r.c.RepositoryConfigurationDelegate : Bootstrapping Spring Data JPA repositories in DEFAULT mode.
2022-10-06 10:48:43.124  INFO 22189 --- [restartedMain] .s.d.r.c.RepositoryConfigurationDelegate : Finished Spring Data repository scanning in 22 ms. Found 1 JPA repository interfaces.
2022-10-06 10:48:43.530  INFO 22189 --- [restartedMain] o.s.b.w.embedded.tomcat.TomcatWebServer  : Tomcat initialized with port(s): 8080 (http)
2022-10-06 10:48:43.536  INFO 22189 --- [restartedMain] o.apache.catalina.core.StandardService   : Starting service [Tomcat]
2022-10-06 10:48:43.537  INFO 22189 --- [restartedMain] org.apache.catalina.core.StandardEngine  : Starting Servlet engine: [Apache Tomcat/9.0.58]
2022-10-06 10:48:43.572  INFO 22189 --- [restartedMain] o.a.c.c.C.[Tomcat].[localhost].[/]       : Initializing Spring embedded WebApplicationContext
2022-10-06 10:48:43.572  INFO 22189 --- [restartedMain] w.s.c.ServletWebServerApplicationContext : Root WebApplicationContext: initialization completed in 879 ms
2022-10-06 10:48:43.589  INFO 22189 --- [restartedMain] com.zaxxer.hikari.HikariDataSource       : HikariPool-1 - Starting...
2022-10-06 10:48:43.701  INFO 22189 --- [restartedMain] com.zaxxer.hikari.HikariDataSource       : HikariPool-1 - Start completed.
2022-10-06 10:48:43.708  INFO 22189 --- [restartedMain] o.s.b.a.h2.H2ConsoleAutoConfiguration    : H2 console available at '/h2-console'. Database available at 'jdbc:h2:mem:movies-battle'
2022-10-06 10:48:43.760  INFO 22189 --- [restartedMain] o.f.c.internal.license.VersionPrinter    : Flyway Community Edition 6.4.3 by Redgate
2022-10-06 10:48:43.769  INFO 22189 --- [restartedMain] o.f.c.internal.database.DatabaseFactory  : Database: jdbc:h2:mem:movies-battle (H2 1.4)
2022-10-06 10:48:43.806  INFO 22189 --- [restartedMain] o.f.core.internal.command.DbValidate     : Successfully validated 3 migrations (execution time 00:00.012s)
2022-10-06 10:48:43.813  INFO 22189 --- [restartedMain] o.f.c.i.s.JdbcTableSchemaHistory         : Creating Schema History table "PUBLIC"."flyway_schema_history" ...
2022-10-06 10:48:43.834  INFO 22189 --- [restartedMain] o.f.core.internal.command.DbMigrate      : Current version of schema "PUBLIC": << Empty Schema >>
2022-10-06 10:48:43.837  INFO 22189 --- [restartedMain] o.f.core.internal.command.DbMigrate      : Migrating schema "PUBLIC" to version 1 - Init
2022-10-06 10:48:43.855  INFO 22189 --- [restartedMain] o.f.core.internal.command.DbMigrate      : Migrating schema "PUBLIC" to version 2 - insert movies
2022-10-06 10:48:43.872  INFO 22189 --- [restartedMain] o.f.core.internal.command.DbMigrate      : Migrating schema "PUBLIC" to version 3 - insert users
2022-10-06 10:48:43.880  INFO 22189 --- [restartedMain] o.f.core.internal.command.DbMigrate      : Successfully applied 3 migrations to schema "PUBLIC" (execution time 00:00.048s)
2022-10-06 10:48:43.942  INFO 22189 --- [restartedMain] o.hibernate.jpa.internal.util.LogHelper  : HHH000204: Processing PersistenceUnitInfo [name: default]
2022-10-06 10:48:43.967  INFO 22189 --- [restartedMain] org.hibernate.Version                    : HHH000412: Hibernate ORM core version 5.6.5.Final
2022-10-06 10:48:44.051  INFO 22189 --- [restartedMain] o.hibernate.annotations.common.Version   : HCANN000001: Hibernate Commons Annotations {5.1.2.Final}
2022-10-06 10:48:44.105  INFO 22189 --- [restartedMain] org.hibernate.dialect.Dialect            : HHH000400: Using dialect: org.hibernate.dialect.H2Dialect
2022-10-06 10:48:44.390  INFO 22189 --- [restartedMain] o.h.e.t.j.p.i.JtaPlatformInitiator       : HHH000490: Using JtaPlatform implementation: [org.hibernate.engine.transaction.jta.platform.internal.NoJtaPlatform]
2022-10-06 10:48:44.394  INFO 22189 --- [restartedMain] j.LocalContainerEntityManagerFactoryBean : Initialized JPA EntityManagerFactory for persistence unit 'default'
2022-10-06 10:48:44.497  WARN 22189 --- [restartedMain] JpaBaseConfiguration$JpaWebConfiguration : spring.jpa.open-in-view is enabled by default. Therefore, database queries may be performed during view rendering. Explicitly configure spring.jpa.open-in-view to disable this warning
2022-10-06 10:48:44.640  INFO 22189 --- [restartedMain] o.s.b.d.a.OptionalLiveReloadServer       : LiveReload server is running on port 35729
2022-10-06 10:48:44.866  INFO 22189 --- [restartedMain] .s.s.UserDetailsServiceAutoConfiguration : 

Using generated security password: 15e48fd6-20bf-40fd-ba41-57db9eaed734

2022-10-06 10:48:44.930  INFO 22189 --- [restartedMain] o.s.s.web.DefaultSecurityFilterChain     : Will not secure any request
2022-10-06 10:48:44.981  INFO 22189 --- [restartedMain] o.s.b.w.embedded.tomcat.TomcatWebServer  : Tomcat started on port(s): 8080 (http) with context path ''
2022-10-06 10:48:45.088  INFO 22189 --- [restartedMain] l.c.m.MoviesBattleApplication            : Started MoviesBattleApplication in 2.63 seconds (JVM running for 3.059)
2022-10-06 10:48:45.092  INFO 22189 --- [restartedMain] l.c.m.MoviesBattleApplication            : aaa
2022-10-06 10:48:53.386  INFO 22189 --- [Thread-5] j.LocalContainerEntityManagerFactoryBean : Closing JPA EntityManagerFactory for persistence unit 'default'
2022-10-06 10:48:53.589  WARN 22189 --- [Thread-5] o.s.b.f.support.DisposableBeanAdapter    : Invocation of destroy method failed on bean with name 'inMemoryDatabaseShutdownExecutor': org.h2.jdbc.JdbcSQLNonTransientConnectionException: Database is already closed (to disable automatic closing at VM shutdown, add ";DB_CLOSE_ON_EXIT=FALSE" to the db URL) [90121-200]
2022-10-06 10:48:53.589  INFO 22189 --- [Thread-5] com.zaxxer.hikari.HikariDataSource       : HikariPool-1 - Shutdown initiated...
2022-10-06 10:48:53.592  INFO 22189 --- [Thread-5] com.zaxxer.hikari.HikariDataSource       : HikariPool-1 - Shutdown completed.
